[1] "start script"
[1] "Parsing: https://www.boardgamegeek.com/xmlapi/boardgame/40834?stats=1&comments=1"
[1] "Parsing: https://www.boardgamegeek.com/xmlapi/boardgame/209357?stats=1&comments=1"
[1] "Parsing: https://www.boardgamegeek.com/xmlapi/boardgame/209419?stats=1&comments=1"
[1] "Parsing: https://www.boardgamegeek.com/xmlapi/boardgame/160673?stats=1&comments=1"
[1] "Parsing: https://www.boardgamegeek.com/xmlapi/boardgame/39707?stats=1&comments=1"
[1] "Parsing: https://www.boardgamegeek.com/xmlapi/boardgame/51811?stats=1&comments=1"
[1] "Parsing: https://www.boardgamegeek.com/xmlapi/boardgame/41105?stats=1&comments=1"
[1] "Parsing: https://www.boardgamegeek.com/xmlapi/boardgame/66682?stats=1&comments=1"
[1] "Parsing: https://www.boardgamegeek.com/xmlapi/boardgame/66690?stats=1&comments=1"
[1] "Parsing: https://www.boardgamegeek.com/xmlapi/boardgame/66098?stats=1&comments=1"
[1] "Parsing: https://www.boardgamegeek.com/xmlapi/boardgame/101665?stats=1&comments=1"
[1] "Parsing: https://www.boardgamegeek.com/xmlapi/boardgame/104557?stats=1&comments=1"
[1] "Parsing: https://www.boardgamegeek.com/xmlapi/boardgame/110831?stats=1&comments=1"
[1] "Parsing: https://www.boardgamegeek.com/xmlapi/boardgame/90850?stats=1&comments=1"
[1] "Parsing: https://www.boardgamegeek.com/xmlapi/boardgame/125403?stats=1&comments=1"
[1] "Parsing: https://www.boardgamegeek.com/xmlapi/boardgame/172592?stats=1&comments=1"
[1] "Parsing: https://www.boardgamegeek.com/xmlapi/boardgame/137166?stats=1&comments=1"
[1] "Parsing: https://www.boardgamegeek.com/xmlapi/boardgame/160943?stats=1&comments=1"
[1] "Parsing: https://www.boardgamegeek.com/xmlapi/boardgame/182822?stats=1&comments=1"
[1] "Parsing: https://www.boardgamegeek.com/xmlapi/boardgame/177903?stats=1&comments=1"
[1] "Parsing: https://www.boardgamegeek.com/xmlapi/boardgame/171915?stats=1&comments=1"
[1] "Parsing: https://www.boardgamegeek.com/xmlapi/boardgame/209431?stats=1&comments=1"
[1] "Parsing: https://www.boardgamegeek.com/xmlapi/boardgame/209358?stats=1&comments=1"
[1] "Parsing: https://www.boardgamegeek.com/xmlapi/boardgame/234892?stats=1&comments=1"
[1] "Parsing: https://www.boardgamegeek.com/xmlapi/boardgame/192951?stats=1&comments=1"
[1] "Parsing: https://www.boardgamegeek.com/xmlapi/boardgame/232452?stats=1&comments=1"
[1] "Parsing: https://www.boardgamegeek.com/xmlapi/boardgame/228386?stats=1&comments=1"
[1] "Parsing: https://www.boardgamegeek.com/xmlapi/boardgame/238623?stats=1&comments=1"
[1] "Parsing: https://www.boardgamegeek.com/xmlapi/boardgame/257673?stats=1&comments=1"
[1] "Parsing: https://www.boardgamegeek.com/xmlapi/boardgame/285888?stats=1&comments=1"
[1] "Parsing: https://www.boardgamegeek.com/xmlapi/boardgame/285887?stats=1&comments=1"
[1] "Parsing: https://www.boardgamegeek.com/xmlapi/boardgame/298055?stats=1&comments=1"
[1] "Parsing: https://www.boardgamegeek.com/xmlapi/boardgame/36218?stats=1&comments=1"
{xml_document}
<items termsofuse="https://boardgamegeek.com/xmlapi/termsofuse">
[1] <item type="boardgame" id="36218">\n  <thumbnail>https://cf.geekdo-images.com/j6iQpZ4XkemZP07HNCODBA__thumb/img/B2u2ghwlmI_qsUtCwu ...
[1] "Parseing forum for game id: 40834"
[1] "Parseing forum for game id: 209357"
[1] "Parseing forum for game id: 209419"
[1] "Parseing forum for game id: 160673"
[1] "Parseing forum for game id: 39707"
[1] "Parseing forum for game id: 51811"
[1] "Parseing forum for game id: 41105"
[1] "Parseing forum for game id: 66682"
[1] "Parseing forum for game id: 66690"
[1] "Parseing forum for game id: 66098"
[1] "Parseing forum for game id: 101665"
[1] "Parseing forum for game id: 104557"
[1] "Parseing forum for game id: 110831"
[1] "Parseing forum for game id: 90850"
[1] "Parseing forum for game id: 125403"
[1] "Parseing forum for game id: 172592"
[1] "Parseing forum for game id: 137166"
[1] "Parseing forum for game id: 160943"
[1] "Parseing forum for game id: 182822"
[1] "Parseing forum for game id: 177903"
[1] "Parseing forum for game id: 171915"
[1] "Parseing forum for game id: 209431"
[1] "Parseing forum for game id: 209358"
[1] "Parseing forum for game id: 234892"
[1] "Parseing forum for game id: 192951"
[1] "Parseing forum for game id: 232452"
[1] "Parseing forum for game id: 228386"
[1] "Parseing forum for game id: 238623"
[1] "Parseing forum for game id: 257673"
[1] "Parseing forum for game id: 285888"
[1] "Parseing forum for game id: 285887"
[1] "Parseing forum for game id: 298055"
[1] "Parseing forum for game id: 36218"
[1] "Reading Thread: 582679"
Error: Input must be list of vectors
[1] "Reading Thread: 582679"
Error: Input must be list of vectors
